\BOOKMARK [1][-]{section.14}{\376\377\000S\000t\000a\000f\000f\000\040\000b\000r\000i\000e\000f\000i\000n\000g}{}% 1
\BOOKMARK [1][-]{section.15}{\376\377\000F\000i\000n\000a\000l\000\040\000o\000r\000g\000a\000n\000i\000s\000a\000t\000i\000o\000n}{}% 2
\BOOKMARK [1][-]{section.18}{\376\377\000R\000e\000g\000e\000s\000t\000r\000a\000t\000i\000o\000n}{}% 3
\BOOKMARK [1][-]{section.20}{\376\377\000s\000t\000a\000r\000\040\000B\000a\000s\000e\000\040\0006\0004\000\040\000s\000t\000a\000r\000\040\000U\000n\000i\000f\000o\000r\000m\000s}{}% 4
\BOOKMARK [1][-]{section.23}{\376\377\000O\000p\000e\000n\000i\000n\000g\000\040\000P\000a\000r\000a\000d\000e}{}% 5
\BOOKMARK [1][-]{section.25}{\376\377\000S\000t\000a\000f\000f\000\040\000L\000u\000n\000c\000h}{}% 6
\BOOKMARK [1][-]{section.28}{\376\377\000B\000a\000s\000e\000s\000\040\0001}{}% 7
\BOOKMARK [1][-]{section.34}{\376\377\000s\000t\000a\000r\000\040\000B\000a\000s\000e\000\040\0006\000\040\000s\000t\000a\000r\000\040\000c\000a\000m\000p\000s\000i\000t\000e\000\040\000s\000a\000f\000t\000e\000y}{}% 8
\BOOKMARK [1][-]{section.43}{\376\377\000s\000t\000a\000r\000\040\000B\000a\000s\000e\000\040\0001\0005\000\040\000s\000t\000a\000r\000\040\000a\000x\000e\000s}{}% 9
\BOOKMARK [1][-]{section.45}{\376\377\000S\000t\000a\000f\000f\000\040\000b\000r\000i\000e\000f}{}% 10
\BOOKMARK [1][-]{section.46}{\376\377\000B\000a\000s\000e\000s\000\040\0002}{}% 11
\BOOKMARK [1][-]{section.50}{\376\377\000s\000t\000a\000r\000\040\000B\000a\000s\000e\000\040\0002\0000\000\040\000s\000t\000a\000r\000\040\000M\000a\000p\000p\000i\000n\000g}{}% 12
\BOOKMARK [1][-]{section.52}{\376\377\000s\000t\000a\000r\000\040\000B\000a\000s\000e\000\040\0002\0002\000\040\000s\000t\000a\000r\000\040\000s\000c\000o\000u\000t\000i\000n\000g}{}% 13
\BOOKMARK [1][-]{section.54}{\376\377\000S\000t\000a\000f\000f\000\040\000B\000r\000i\000e\000f}{}% 14
\BOOKMARK [1][-]{section.55}{\376\377\000B\000a\000s\000e\000s\000\040\0003}{}% 15
\BOOKMARK [1][-]{section.57}{\376\377\000s\000t\000a\000r\000\040\000B\000a\000s\000e\000\040\0002\0004\000\040\000s\000t\000a\000r\000\040\000K\000n\000o\000t\000t\000i\000n\000g\000\040\000a\000n\000d\000\040\000p\000i\000o\000n\000e\000e\000r\000i\000n\000g}{}% 16
\BOOKMARK [1][-]{section.66}{\376\377\000s\000t\000a\000r\000\040\000B\000a\000s\000e\000\040\0003\0000\000\040\000s\000t\000a\000r\000\040\000A\000d\000v\000a\000n\000c\000e\000d\000\040\000k\000n\000o\000t\000t\000i\000n\000g}{}% 17
\BOOKMARK [1][-]{section.71}{\376\377\000s\000t\000a\000r\000\040\000B\000a\000s\000e\000\040\0005\0005\000\040\000s\000t\000a\000r\000\040\000D\000i\000n\000n\000e\000r\000\040\000J\000u\000d\000g\000i\000n\000g}{}% 18
\BOOKMARK [1][-]{section.72}{\376\377\000S\000t\000a\000f\000f\000\040\000D\000i\000n\000n\000e\000r}{}% 19
\BOOKMARK [1][-]{section.75}{\376\377\000N\000i\000g\000h\000t\000\040\000b\000a\000s\000e\000s}{}% 20
\BOOKMARK [1][-]{section.78}{\376\377\000s\000t\000a\000r\000\040\000B\000a\000s\000e\000\040\0003\0005\000\040\000s\000t\000a\000r\000\040\000P\000i\000o\000n\000e\000e\000r\000e\000d\000\040\000s\000t\000r\000u\000c\000t\000u\000r\000e}{}% 21
\BOOKMARK [1][-]{section.88}{\376\377\000S\000t\000a\000f\000f\000\040\000d\000e\000b\000r\000i\000e\000f}{}% 22
\BOOKMARK [1][-]{section.89}{\376\377\000L\000i\000g\000h\000t\000s\000\040\000o\000u\000t}{}% 23
\BOOKMARK [1][-]{section.92}{\376\377\000B\000r\000e\000a\000k\000f\000a\000s\000t\000\040\000a\000n\000d\000\040\000s\000t\000a\000f\000f\000\040\000b\000r\000i\000e\000f\000i\000n\000g}{}% 24
\BOOKMARK [1][-]{section.96}{\376\377\000s\000t\000a\000r\000\040\000B\000a\000s\000e\000\040\0004\0007\000\040\000s\000t\000a\000r\000\040\000t\000e\000n\000t\000s\000\040\000c\000l\000e\000a\000n\000l\000i\000n\000e\000s\000s}{}% 25
\BOOKMARK [1][-]{section.108}{\376\377\000s\000t\000a\000r\000\040\000B\000a\000s\000e\000\040\0005\0000\000\040\000s\000t\000a\000r\000\040\000W\000a\000s\000h\000\040\000u\000p\000\040\000s\000t\000a\000t\000i\000o\000n\000\040\000a\000n\000d\000\040\000b\000i\000n}{}% 26
\BOOKMARK [1][-]{section.114}{\376\377\000C\000a\000p\000s\000i\000t\000e\000\040\000D\000e\000c\000o\000n\000s\000t\000u\000r\000c\000u\000t\000i\000o\000n\000\040\000a\000n\000d\000\040\000l\000u\000n\000c\000h}{}% 27
\BOOKMARK [1][-]{section.119}{\376\377\000C\000l\000o\000s\000i\000n\000g\000\040\000P\000a\000r\000a\000d\000e}{}% 28
