\BOOKMARK [1][-]{section.3}{\376\377\000G\000e\000n\000e\000r\000a\000l\000\040\000S\000t\000a\000f\000f\000\040\000A\000r\000r\000i\000v\000e}{}% 1
\BOOKMARK [1][-]{section.4}{\376\377\000S\000t\000a\000f\000f\000\040\000B\000r\000i\000e\000f\000i\000n\000g}{}% 2
\BOOKMARK [1][-]{section.5}{\376\377\000S\000c\000o\000u\000t\000\040\000A\000r\000r\000i\000v\000a\000l}{}% 3
\BOOKMARK [1][-]{section.11}{\376\377\000O\000p\000e\000n\000i\000n\000g\000\040\000P\000a\000r\000a\000d\000e}{}% 4
\BOOKMARK [1][-]{section.12}{\376\377\000S\000t\000a\000f\000f\000\040\000L\000u\000n\000c\000h}{}% 5
\BOOKMARK [1][-]{section.17}{\376\377\000W\000a\000t\000e\000r\000\040\000P\000u\000r\000i\000f\000i\000c\000a\000t\000i\000o\000n}{}% 6
\BOOKMARK [1][-]{section.23}{\376\377\000F\000i\000r\000s\000t\000\040\000A\000i\000d\000:\000\040\000C\000a\000r\000r\000y\000\040\000a\000n\000d\000\040\000F\000r\000a\000c\000t\000u\000r\000e}{}% 7
\BOOKMARK [1][-]{section.27}{\376\377\000F\000i\000r\000e\000\040\000S\000t\000a\000r\000t\000i\000n\000g}{}% 8
\BOOKMARK [1][-]{section.33}{\376\377\000S\000c\000o\000u\000t\000\040\000P\000r\000o\000m\000i\000s\000e}{}% 9
\BOOKMARK [1][-]{section.38}{\376\377\000S\000t\000a\000f\000f\000\040\000N\000i\000g\000h\000t\000\040\000B\000r\000i\000e\000f\000i\000n\000g}{}% 10
\BOOKMARK [1][-]{section.39}{\376\377\000D\000i\000n\000n\000e\000r}{}% 11
\BOOKMARK [1][-]{section.40}{\376\377\000S\000t\000a\000f\000f\000\040\000D\000i\000n\000n\000e\000r}{}% 12
\BOOKMARK [1][-]{section.44}{\376\377\000J\000u\000m\000p\000\040\000t\000h\000e\000\040\000F\000e\000n\000c\000e}{}% 13
\BOOKMARK [1][-]{section.49}{\376\377\000S\000t\000a\000f\000f\000\040\000B\000e\000d\000t\000i\000m\000e\000\040\000B\000r\000i\000e\000f\000i\000n\000g}{}% 14
\BOOKMARK [1][-]{section.54}{\376\377\000L\000i\000g\000h\000t\000s\000\040\000O\000u\000t}{}% 15
\BOOKMARK [1][-]{section.56}{\376\377\000S\000t\000a\000f\000f\000\040\000B\000r\000e\000a\000k\000f\000a\000s\000t}{}% 16
\BOOKMARK [1][-]{section.57}{\376\377\000S\000t\000a\000f\000f\000\040\000M\000o\000r\000n\000i\000n\000g\000\040\000B\000r\000i\000e\000f\000i\000n\000g}{}% 17
\BOOKMARK [1][-]{section.59}{\376\377\000I\000n\000s\000p\000e\000c\000t\000i\000o\000n\000:\000\040\000P\000a\000t\000r\000o\000l\000\040\000K\000i\000t\000s}{}% 18
\BOOKMARK [1][-]{section.67}{\376\377\000S\000T\000A\000\040\0007\000:\000\040\000T\000r\000i\000v\000i\000a}{}% 19
\BOOKMARK [1][-]{section.68}{\376\377\000S\000i\000x\000\040\000B\000a\000s\000i\000c\000\040\000K\000n\000o\000t\000s}{}% 20
\BOOKMARK [1][-]{section.78}{\376\377\000I\000n\000s\000p\000e\000c\000t\000i\000o\000n\000:\000\040\000D\000r\000e\000s\000s\000e\000r}{}% 21
\BOOKMARK [1][-]{section.82}{\376\377\000S\000t\000a\000f\000f\000\040\000L\000u\000n\000c\000h}{}% 22
\BOOKMARK [1][-]{section.87}{\376\377\000F\000i\000n\000a\000l\000\040\000S\000i\000t\000e\000\040\000I\000n\000s\000p\000e\000c\000t\000i\000o\000n}{}% 23
\BOOKMARK [1][-]{section.89}{\376\377\000P\000a\000r\000e\000n\000t\000s\000\040\000A\000r\000r\000i\000v\000a\000l}{}% 24
\BOOKMARK [1][-]{section.92}{\376\377\000F\000i\000n\000a\000l\000\040\000P\000a\000r\000a\000d\000e}{}% 25
\BOOKMARK [1][-]{section.93}{\376\377\000J\000u\000d\000g\000e\000\040\000D\000e\000b\000r\000i\000e\000f}{}% 26
\BOOKMARK [1][-]{section.94}{\376\377\000P\000a\000c\000k\000\040\000U\000p}{}% 27
\BOOKMARK [1][-]{section.95}{\376\377\000E\000n\000d}{}% 28
