\BOOKMARK [1][-]{section.14}{\376\377\000S\000t\000a\000f\000f\000\040\000b\000r\000i\000e\000f\000i\000n\000g}{}% 1
\BOOKMARK [1][-]{section.15}{\376\377\000F\000i\000n\000a\000l\000\040\000o\000r\000g\000a\000n\000i\000s\000a\000t\000i\000o\000n}{}% 2
\BOOKMARK [1][-]{section.21}{\376\377\000s\000t\000a\000r\000\040\000B\000a\000s\000e\000\040\0006\0005\000\040\000s\000t\000a\000r\000\040\000P\000a\000t\000r\000o\000l\000\040\000s\000h\000e\000e\000t}{}% 3
\BOOKMARK [1][-]{section.23}{\376\377\000O\000p\000e\000n\000i\000n\000g\000\040\000P\000a\000r\000a\000d\000e}{}% 4
\BOOKMARK [1][-]{section.25}{\376\377\000S\000t\000a\000f\000f\000\040\000L\000u\000n\000c\000h}{}% 5
\BOOKMARK [1][-]{section.28}{\376\377\000B\000a\000s\000e\000s\000\040\0001}{}% 6
\BOOKMARK [1][-]{section.31}{\376\377\000s\000t\000a\000r\000\040\000B\000a\000s\000e\000\040\0003\000\040\000s\000t\000a\000r\000\040\000F\000i\000r\000s\000t\000\040\000a\000i\000d\000\040\000a\000b\000b\000r\000e\000v\000i\000a\000t\000i\000o\000n\000s}{}% 7
\BOOKMARK [1][-]{section.41}{\376\377\000s\000t\000a\000r\000\040\000B\000a\000s\000e\000\040\0001\0003\000\040\000s\000t\000a\000r\000\040\000M\000a\000p\000\040\000r\000e\000a\000d\000i\000n\000g}{}% 8
\BOOKMARK [1][-]{section.45}{\376\377\000S\000t\000a\000f\000f\000\040\000b\000r\000i\000e\000f}{}% 9
\BOOKMARK [1][-]{section.46}{\376\377\000B\000a\000s\000e\000s\000\040\0002}{}% 10
\BOOKMARK [1][-]{section.50}{\376\377\000s\000t\000a\000r\000\040\000B\000a\000s\000e\000\040\0002\0000\000\040\000s\000t\000a\000r\000\040\000M\000a\000p\000p\000i\000n\000g}{}% 11
\BOOKMARK [1][-]{section.54}{\376\377\000S\000t\000a\000f\000f\000\040\000B\000r\000i\000e\000f}{}% 12
\BOOKMARK [1][-]{section.55}{\376\377\000B\000a\000s\000e\000s\000\040\0003}{}% 13
\BOOKMARK [1][-]{section.56}{\376\377\000s\000t\000a\000r\000\040\000B\000a\000s\000e\000\040\0002\0003\000\040\000s\000t\000a\000r\000\040\000F\000i\000r\000s\000t\000\040\000a\000i\000d}{}% 14
\BOOKMARK [1][-]{section.72}{\376\377\000S\000t\000a\000f\000f\000\040\000D\000i\000n\000n\000e\000r}{}% 15
\BOOKMARK [1][-]{section.75}{\376\377\000N\000i\000g\000h\000t\000\040\000b\000a\000s\000e\000s}{}% 16
\BOOKMARK [1][-]{section.77}{\376\377\000s\000t\000a\000r\000\040\000B\000a\000s\000e\000\040\0003\0004\000\040\000s\000t\000a\000r\000\040\000S\000e\000m\000a\000p\000h\000o\000r\000e}{}% 17
\BOOKMARK [1][-]{section.88}{\376\377\000S\000t\000a\000f\000f\000\040\000d\000e\000b\000r\000i\000e\000f}{}% 18
\BOOKMARK [1][-]{section.89}{\376\377\000L\000i\000g\000h\000t\000s\000\040\000o\000u\000t}{}% 19
\BOOKMARK [1][-]{section.92}{\376\377\000B\000r\000e\000a\000k\000f\000a\000s\000t\000\040\000a\000n\000d\000\040\000s\000t\000a\000f\000f\000\040\000b\000r\000i\000e\000f\000i\000n\000g}{}% 20
\BOOKMARK [1][-]{section.94}{\376\377\000s\000t\000a\000r\000\040\000B\000a\000s\000e\000\040\0004\0005\000\040\000s\000t\000a\000r\000\040\000C\000e\000a\000n\000l\000i\000n\000e\000s\000s}{}% 21
\BOOKMARK [1][-]{section.111}{\376\377\000s\000t\000a\000r\000\040\000B\000a\000s\000e\000\040\0005\0003\000\040\000s\000t\000a\000r\000\040\000T\000e\000n\000t\000s\000\040\000c\000o\000n\000s\000t\000r\000u\000c\000t\000i\000o\000n}{}% 22
\BOOKMARK [1][-]{section.114}{\376\377\000C\000a\000p\000s\000i\000t\000e\000\040\000D\000e\000c\000o\000n\000s\000t\000u\000r\000c\000u\000t\000i\000o\000n\000\040\000a\000n\000d\000\040\000l\000u\000n\000c\000h}{}% 23
\BOOKMARK [1][-]{section.119}{\376\377\000C\000l\000o\000s\000i\000n\000g\000\040\000P\000a\000r\000a\000d\000e}{}% 24
