\BOOKMARK [1][-]{section.14}{\376\377\000S\000t\000a\000f\000f\000\040\000b\000r\000i\000e\000f\000i\000n\000g}{}% 1
\BOOKMARK [1][-]{section.15}{\376\377\000F\000i\000n\000a\000l\000\040\000o\000r\000g\000a\000n\000i\000s\000a\000t\000i\000o\000n}{}% 2
\BOOKMARK [1][-]{section.19}{\376\377\000s\000t\000a\000r\000\040\000B\000a\000s\000e\000\040\0006\0003\000\040\000s\000t\000a\000r\000\040\000C\000o\000n\000s\000e\000n\000t\000\040\000f\000o\000r\000m\000s}{}% 3
\BOOKMARK [1][-]{section.23}{\376\377\000O\000p\000e\000n\000i\000n\000g\000\040\000P\000a\000r\000a\000d\000e}{}% 4
\BOOKMARK [1][-]{section.25}{\376\377\000S\000t\000a\000f\000f\000\040\000L\000u\000n\000c\000h}{}% 5
\BOOKMARK [1][-]{section.28}{\376\377\000B\000a\000s\000e\000s\000\040\0001}{}% 6
\BOOKMARK [1][-]{section.36}{\376\377\000s\000t\000a\000r\000\040\000B\000a\000s\000e\000\040\0008\000\040\000s\000t\000a\000r\000\040\000w\000a\000t\000e\000r\000\040\000c\000o\000l\000l\000e\000c\000t\000i\000o\000n}{}% 7
\BOOKMARK [1][-]{section.38}{\376\377\000s\000t\000a\000r\000\040\000B\000a\000s\000e\000\040\0001\0000\000\040\000s\000t\000a\000r\000\040\000F\000i\000r\000s\000t\000\040\000a\000i\000d\000\040\000s\000p\000l\000i\000n\000t\000i\000n\000g}{}% 8
\BOOKMARK [1][-]{section.45}{\376\377\000S\000t\000a\000f\000f\000\040\000b\000r\000i\000e\000f}{}% 9
\BOOKMARK [1][-]{section.46}{\376\377\000B\000a\000s\000e\000s\000\040\0002}{}% 10
\BOOKMARK [1][-]{section.48}{\376\377\000s\000t\000a\000r\000\040\000B\000a\000s\000e\000\040\0001\0008\000\040\000s\000t\000a\000r\000\040\000K\000n\000o\000t\000t\000i\000n\000g\000\040\000a\000n\000d\000\040\000p\000i\000o\000n\000e\000e\000r\000i\000n\000g}{}% 11
\BOOKMARK [1][-]{section.54}{\376\377\000S\000t\000a\000f\000f\000\040\000B\000r\000i\000e\000f}{}% 12
\BOOKMARK [1][-]{section.55}{\376\377\000B\000a\000s\000e\000s\000\040\0003}{}% 13
\BOOKMARK [1][-]{section.56}{\376\377\000s\000t\000a\000r\000\040\000B\000a\000s\000e\000\040\0002\0003\000\040\000s\000t\000a\000r\000\040\000F\000i\000r\000s\000t\000\040\000a\000i\000d}{}% 14
\BOOKMARK [1][-]{section.67}{\376\377\000s\000t\000a\000r\000\040\000B\000a\000s\000e\000\040\0005\0008\000\040\000s\000t\000a\000r\000\040\000S\000T\000A\000\040\0003\000\040\000H\000a\000n\000d\000\040\000i\000n\000\040\000a\000n\000d\000\040\000m\000a\000r\000k\000i\000n\000g}{}% 15
\BOOKMARK [1][-]{section.71}{\376\377\000s\000t\000a\000r\000\040\000B\000a\000s\000e\000\040\0005\0005\000\040\000s\000t\000a\000r\000\040\000D\000i\000n\000n\000e\000r\000\040\000J\000u\000d\000g\000i\000n\000g}{}% 16
\BOOKMARK [1][-]{section.72}{\376\377\000S\000t\000a\000f\000f\000\040\000D\000i\000n\000n\000e\000r}{}% 17
\BOOKMARK [1][-]{section.75}{\376\377\000N\000i\000g\000h\000t\000\040\000b\000a\000s\000e\000s}{}% 18
\BOOKMARK [1][-]{section.76}{\376\377\000s\000t\000a\000r\000\040\000B\000a\000s\000e\000\040\0003\0003\000\040\000s\000t\000a\000r\000\040\000F\000i\000r\000s\000t\000\040\000a\000i\000d\000\040\000i\000n\000c\000i\000d\000e\000n\000t\000\040\000s\000c\000e\000n\000e}{}% 19
\BOOKMARK [1][-]{section.88}{\376\377\000S\000t\000a\000f\000f\000\040\000d\000e\000b\000r\000i\000e\000f}{}% 20
\BOOKMARK [1][-]{section.89}{\376\377\000L\000i\000g\000h\000t\000s\000\040\000o\000u\000t}{}% 21
\BOOKMARK [1][-]{section.92}{\376\377\000B\000r\000e\000a\000k\000f\000a\000s\000t\000\040\000a\000n\000d\000\040\000s\000t\000a\000f\000f\000\040\000b\000r\000i\000e\000f\000i\000n\000g}{}% 22
\BOOKMARK [1][-]{section.99}{\376\377\000s\000t\000a\000r\000\040\000B\000a\000s\000e\000\040\0004\0001\000\040\000s\000t\000a\000r\000\040\000C\000a\000r\000e\000\040\000o\000f\000\040\000e\000q\000u\000i\000p\000m\000e\000n\000t}{}% 23
\BOOKMARK [1][-]{section.109}{\376\377\000s\000t\000a\000r\000\040\000B\000a\000s\000e\000\040\0005\0001\000\040\000s\000t\000a\000r\000\040\000F\000l\000a\000g\000p\000o\000l\000e}{}% 24
\BOOKMARK [1][-]{section.114}{\376\377\000C\000a\000p\000s\000i\000t\000e\000\040\000D\000e\000c\000o\000n\000s\000t\000u\000r\000c\000u\000t\000i\000o\000n\000\040\000a\000n\000d\000\040\000l\000u\000n\000c\000h}{}% 25
\BOOKMARK [1][-]{section.119}{\376\377\000C\000l\000o\000s\000i\000n\000g\000\040\000P\000a\000r\000a\000d\000e}{}% 26
